New log file opened at Thu Dec 08 02:56:06 EST 2016 by 23381@MaLis-Air.fios-router.home
Sending msg to client activator-01d83895-280f-42f0-a191-1ae98ae00ec0: DetachedLogEvent(LogMessage(debug,sbt client logs are in: /Users/mali/Downloads/test/test/.sbtserver/connections/activator-01d83895-280f-42f0-a191-1ae98ae00ec0.log))
Sending msg to client activator-01d83895-280f-42f0-a191-1ae98ae00ec0: DetachedLogEvent(LogMessage(debug,sbt server socket logs are in: /Users/mali/Downloads/test/test/.sbtserver/connections/master.log))
Reading next message from client.
Client activator-01d83895-280f-42f0-a191-1ae98ae00ec0 closed, java.net.SocketException: Connection reset, shutting down
Stopping client.
Client activator-01d83895-280f-42f0-a191-1ae98ae00ec0 thread exiting.
Dropping message (0,ReceivedResponse()) to dead client activator-01d83895-280f-42f0-a191-1ae98ae00ec0
Dropping message DetachedLogEvent(LogMessage(debug,sbt server socket logs are in: /Users/mali/Downloads/test/test/.sbtserver/connections/master.log)) because client activator-01d83895-280f-42f0-a191-1ae98ae00ec0 of an exception serializing and sending: java.net.SocketException: socket is closed
stack trace sending message was 
java.net.SocketException: socket is closed
	at sbt.impl.ipc.Peer.send(IPC.scala:74)
	at sbt.impl.ipc.Peer.send(IPC.scala:83)
	at sbt.impl.ipc.Peer.sendString(IPC.scala:106)
	at sbt.impl.ipc.Peer.sendJson(IPC.scala:119)
	at sbt.server.SbtClientHandler$$anonfun$send$1.apply$mcV$sp(SbtClientHandler.scala:128)
	at sbt.server.SbtClientHandler.wrappedSend(SbtClientHandler.scala:113)
	at sbt.server.SbtClientHandler.send(SbtClientHandler.scala:128)
	at sbt.server.SbtServerSocketHandler$$anon$1.run(SbtServerSocketHandler.scala:93)
Dropping message DetachedLogEvent(LogMessage(debug,sbt general server logs are in: /Users/mali/Downloads/test/test/.sbtserver/master.log)) to dead client activator-01d83895-280f-42f0-a191-1ae98ae00ec0
